<?xml version="1.0" encoding="UTF-8"?>
<testsuite xmlns:xsi="http://www.w3.org/2001/XMLSchema-instance" xsi:noNamespaceSchemaLocation="https://maven.apache.org/surefire/maven-surefire-plugin/xsd/surefire-test-report-3.0.xsd" version="3.0" name="be.iramps.ue1103.Pret.ProjetTest$calculApportMinimal_normalPositifValues" time="0.001" tests="3" errors="0" skipped="2" failures="0">
  <properties/>
  <testcase name="testingGetters_Setters" classname="be.iramps.ue1103.Pret.ProjetTest" time="0.082"/>
  <testcase name="calculApportMinimal_testNormalPositifValues(double, double, double, double, double, double)" classname="be.iramps.ue1103.Pret.ProjetTest$calculApportMinimal_normalPositifValues" time="0.0">
    <skipped message="class be.iramps.ue1103.Pret.ProjetTest$calculApportMinimal_normalPositifValues is @Disabled"/>
  </testcase>
  <testcase name="calculApportMinimal_testLimitsValues" classname="be.iramps.ue1103.Pret.ProjetTest$calculApportMinimal_normalPositifValues" time="0.0">
    <skipped message="class be.iramps.ue1103.Pret.ProjetTest$calculApportMinimal_normalPositifValues is @Disabled"/>
  </testcase>
</testsuite>